 
*** VICE Version 3.4, rev 37509M ***
 
Welcome to x64, the free portable C64 Emulator.
 
Current VICE team members:
Martin Pottendorfer, Marco van den Heuvel, Fabrizio Gennari, Groepaz, 
Errol Smith, Ingo Korb, Olaf Seibert, Marcus Sutton, Kajtar Zsolt, AreaScout, 
Bas Wassink, Michael C. Martin, Christopher Phillips, David Hogan.
 
This is free software with ABSOLUTELY NO WARRANTY.
See the "About VICE" command for more info.
 
Loading system file `D:\C64\Vice\C64\kernal'.
Loading system file `D:\C64\Vice\C64\basic'.
Loading system file `D:\C64\Vice\C64\chargen'.
Loading system file `D:\C64\Vice\PRINTER\mps803'.
Palette: Loading palette `D:\C64\Vice\PRINTER\mps803.vpl'.
Loading system file `D:\C64\Vice\PRINTER\nl10-cbm'.
Palette: Loading palette `D:\C64\Vice\PRINTER\nl10.vpl'.
NL10: Printer driver initialized.
Palette: Loading palette `D:\C64\Vice\PRINTER\1520.vpl'.
Loading system file `D:\C64\Vice\DRIVES\dos1540'.
Loading system file `D:\C64\Vice\DRIVES\dos1541'.
Loading system file `D:\C64\Vice\DRIVES\d1541II'.
Loading system file `D:\C64\Vice\DRIVES\dos1570'.
Loading system file `D:\C64\Vice\DRIVES\dos1571'.
Loading system file `D:\C64\Vice\DRIVES\dos1581'.
DriveROM: Error - 2000 ROM image not found. Hardware-level 2000 emulation is not available.
DriveROM: Error - 4000 ROM image not found. Hardware-level 4000 emulation is not available.
Loading system file `D:\C64\Vice\DRIVES\dos2031'.
Loading system file `D:\C64\Vice\DRIVES\dos2040'.
Loading system file `D:\C64\Vice\DRIVES\dos3040'.
Loading system file `D:\C64\Vice\DRIVES\dos4040'.
Loading system file `D:\C64\Vice\DRIVES\dos1001'.
Drive: Finished loading ROM images.
using GTK3 backend: OpenGL
Creating GtkGlArea widget.
GdkGlkContext is in modern (OpenGL 3.2) mode.
Sound: Available sound devices: dx wmm dummy fs dump wav voc iff aiff flac ogg soundmovie
Keyboard: Loading keymap `D:\C64\Vice\C64\gtk3_sym_de.vkm'.
AUTOSTART: Autodetecting image type of `main.prg'.
Filesystem Image Probe: Error - Import GCR: Unknown GCR image version 48.
Filesystem Image: Unknown disk image `main.prg'.
Tape: Error - Cannot open file `main.prg'
Error - CRT header invalid.
CART: 'main.prg' is not a valid CRT file.
AUTOSTART: Loading PRG file `main.prg' with autostart disk image.
AUTOSTART: Resetting the machine to autostart 'MAIN'
Drive 8: RESET.
Sound: Opened device `dx', speed 44100Hz, fragment size fms, buffer size 101ms
reSID: MOS8580, filter on, sampling rate 44100Hz - resampling, pass to 19845Hz
AUTOSTART: Turning Warp mode on
AUTOSTART: `main.prg' recognized as program/p00 file.
Main CPU: starting at ($FFFC).
Main CPU: RESET.
Drive 8: RESET.
AUTOSTART: Loading program 'MAIN'
AUTOSTART: Entered ROM at $e5cf
AUTOSTART: Searching for ...
AUTOSTART: Loading
AUTOSTART: Entered ROM at $ee5a
AUTOSTART: Ready
AUTOSTART: Turning Warp mode off
AUTOSTART: Starting program.
AUTOSTART: Done.
Writing configuration file `C:\Users\t_has\AppData\Roaming\vice\vice.ini'.

Exiting...
Sound: Closing device `dx'
